Loading /ocean/projects/cis260099p/eshen3/hf_cache/hub/models--black-forest-labs--FLUX.2-dev/snapshots/26afe3a78bb242c0a8bb181dcc8937bb16e5c66c/flux2-dev.safetensors for the FLUX.2 weights
Loading /ocean/projects/cis260099p/eshen3/hf_cache/hub/models--black-forest-labs--FLUX.2-dev/snapshots/26afe3a78bb242c0a8bb181dcc8937bb16e5c66c/ae.safetensors for the AutoEncoder weights
Traceback (most recent call last):
  File "/ocean/projects/cis260099p/eshen3/PaperBanana/scripts/flux2_http_server.py", line 362, in <module>
    main()
  File "/ocean/projects/cis260099p/eshen3/PaperBanana/scripts/flux2_http_server.py", line 347, in main
    FluxHandler.service = Flux2Service(
                          ^^^^^^^^^^^^^
  File "/ocean/projects/cis260099p/eshen3/PaperBanana/scripts/flux2_http_server.py", line 90, in __init__
    self.ae = load_ae(model_name, device=self.torch_device)
              ^^^^^^^^^^^^^^^^^^^^^^^^^^^^^^^^^^^^^^^^^^^^^
  File "/ocean/projects/cis260099p/eshen3/flux2/src/flux2/util.py", line 163, in load_ae
    sd = load_sft(weight_path, device=str(device))
         ^^^^^^^^^^^^^^^^^^^^^^^^^^^^^^^^^^^^^^^^^
  File "/jet/home/eshen3/.conda/envs/paperbanana/lib/python3.12/site-packages/safetensors/torch.py", line 351, in load_file
    result[k] = f.get_tensor(k)
                ^^^^^^^^^^^^^^^
  File "/jet/home/eshen3/.conda/envs/paperbanana/lib/python3.12/site-packages/torch/cuda/__init__.py", line 478, in _lazy_init
    torch._C._cuda_init()
RuntimeError: No CUDA GPUs are available
